m:\darts\darts\darts\debug\vc120.pdb
m:\darts\darts\darts\debug\vc120.idb
m:\darts\darts\darts\debug\board.obj
m:\darts\darts\darts\debug\main.obj
m:\darts\darts\darts\debug\player.obj
\\vmwfil04\students$\1502616\darts\darts\darts\debug\vc120.pdb
\\vmwfil04\students$\1502616\darts\darts\darts\debug\vc120.idb
\\vmwfil04\students$\1502616\darts\darts\darts\debug\board.obj
\\vmwfil04\students$\1502616\darts\darts\darts\debug\main.obj
\\vmwfil04\students$\1502616\darts\darts\darts\debug\player.obj
m:\darts\darts\debug\darts.ilk
m:\darts\darts\debug\darts.exe
m:\darts\darts\debug\darts.pdb
\\vmwfil04\students$\1502616\darts\darts\debug\darts.pdb
m:\darts\darts\darts\debug\darts.res
\\vmwfil04\students$\1502616\darts\darts\darts\debug\darts.res
\\vmwfil04\students$\1502616\darts\darts\debug\darts.exe
\\vmwfil04\students$\1502616\darts\darts\debug\darts.ilk
\\vmwfil04\students$\1502616\darts\darts\darts\debug\darts.tlog\cl.command.1.tlog
\\vmwfil04\students$\1502616\darts\darts\darts\debug\darts.tlog\cl.read.1.tlog
\\vmwfil04\students$\1502616\darts\darts\darts\debug\darts.tlog\cl.write.1.tlog
\\vmwfil04\students$\1502616\darts\darts\darts\debug\darts.tlog\link.command.1.tlog
\\vmwfil04\students$\1502616\darts\darts\darts\debug\darts.tlog\link.read.1.tlog
\\vmwfil04\students$\1502616\darts\darts\darts\debug\darts.tlog\link.write.1.tlog
\\vmwfil04\students$\1502616\darts\darts\darts\debug\darts.tlog\rc.command.1.tlog
\\vmwfil04\students$\1502616\darts\darts\darts\debug\darts.tlog\rc.read.1.tlog
\\vmwfil04\students$\1502616\darts\darts\darts\debug\darts.tlog\rc.write.1.tlog
